2025-05-30 09:23:46,609 INFO o.a.j.u.JMeterUtils: Setting Locale to en_EN
2025-05-30 09:23:46,638 INFO o.a.j.JMeter: Loading user properties from: /opt/homebrew/Cellar/jmeter/5.6.3/libexec/bin/user.properties
2025-05-30 09:23:46,639 INFO o.a.j.JMeter: Loading system properties from: /opt/homebrew/Cellar/jmeter/5.6.3/libexec/bin/system.properties
2025-05-30 09:23:46,644 INFO o.a.j.JMeter: Copyright (c) 1998-2024 The Apache Software Foundation
2025-05-30 09:23:46,644 INFO o.a.j.JMeter: Version 5.6.3
2025-05-30 09:23:46,644 INFO o.a.j.JMeter: java.version=21.0.7
2025-05-30 09:23:46,644 INFO o.a.j.JMeter: java.vm.name=OpenJDK 64-Bit Server VM
2025-05-30 09:23:46,644 INFO o.a.j.JMeter: os.name=Mac OS X
2025-05-30 09:23:46,644 INFO o.a.j.JMeter: os.arch=aarch64
2025-05-30 09:23:46,644 INFO o.a.j.JMeter: os.version=13.5.1
2025-05-30 09:23:46,644 INFO o.a.j.JMeter: file.encoding=UTF-8
2025-05-30 09:23:46,644 INFO o.a.j.JMeter: java.awt.headless=true
2025-05-30 09:23:46,644 INFO o.a.j.JMeter: Max memory     =1073741824
2025-05-30 09:23:46,644 INFO o.a.j.JMeter: Available Processors =8
2025-05-30 09:23:46,652 INFO o.a.j.JMeter: Default Locale=English (EN)
2025-05-30 09:23:46,652 INFO o.a.j.JMeter: JMeter  Locale=English (EN)
2025-05-30 09:23:46,652 INFO o.a.j.JMeter: JMeterHome=/opt/homebrew/Cellar/jmeter/5.6.3/libexec
2025-05-30 09:23:46,652 INFO o.a.j.JMeter: user.dir  =/Users/woosung/Desktop/git_repo/autocomplete-service
2025-05-30 09:23:46,652 INFO o.a.j.JMeter: PWD       =/Users/woosung/Desktop/git_repo/autocomplete-service
2025-05-30 09:23:46,653 INFO o.a.j.JMeter: IP: 127.0.0.1 Name: gang-useong-ui-MacBookPro-2.local FullName: localhost
2025-05-30 09:23:46,662 ERROR o.a.j.JMeter: An error occurred: 
java.lang.IllegalArgumentException: Cannot write to '/Users/woosung/Desktop/git_repo/autocomplete-service/report' as folder is not empty
	at org.apache.jorphan.util.JOrphanUtils.canSafelyWriteToFolder(JOrphanUtils.java:664) ~[jorphan.jar:5.6.3]
	at org.apache.jorphan.util.JOrphanUtils.canSafelyWriteToFolder(JOrphanUtils.java:620) ~[jorphan.jar:5.6.3]
	at org.apache.jmeter.JMeter.extractAndSetReportOutputFolder(JMeter.java:542) ~[ApacheJMeter_core.jar:5.6.3]
	at org.apache.jmeter.JMeter.start(JMeter.java:492) [ApacheJMeter_core.jar:5.6.3]
	at java.base/jdk.internal.reflect.DirectMethodHandleAccessor.invoke(DirectMethodHandleAccessor.java:103) ~[?:?]
	at java.base/java.lang.reflect.Method.invoke(Method.java:580) ~[?:?]
	at org.apache.jmeter.NewDriver.main(NewDriver.java:259) [ApacheJMeter.jar:5.6.3]
